[ 2017-06-27T11:24:01+08:00 ] 127.0.0.1 127.0.0.1 GET /bick/public/admin/cate/cate_add.html
[ log ] localhost/bick/public/admin/cate/cate_add.html [运行时间：0.079005s][吞吐率：12.66req/s] [内存消耗：1,958.19kb] [文件加载：50]
[ info ] [ LANG ] D:\wamp\www\bick\thinkphp\lang\zh-cn.php
[ info ] [ ROUTE ] array (
  'type' => 'module',
  'module' => 
  array (
    0 => 'admin',
    1 => 'cate',
    2 => 'cate_add',
  ),
)
[ info ] [ HEADER ] array (
  'accept' => '*/*',
  'accept-language' => 'zh-CN',
  'user-agent' => 'Mozilla/4.0 (compatible; MSIE 7.0; Windows NT 6.1; WOW64; Trident/5.0; SLCC2; .NET CLR 2.0.50727; .NET CLR 3.5.30729; .NET CLR 3.0.30729; Media Center PC 6.0; .NET4.0C; .NET4.0E)',
  'accept-encoding' => 'gzip, deflate',
  'host' => 'localhost',
  'connection' => 'Keep-Alive',
  'cookie' => 'UM_distinctid=15caef082740-0c775f63c-4349052c-100200-15caef082771f6; CNZZDATA1261810189=1686890235-1497581843-%7C1497581843',
)
[ info ] [ PARAM ] array (
)
[ info ] [ SESSION ] INIT array (
  'id' => '',
  'var_session_id' => '',
  'prefix' => 'think',
  'type' => '',
  'auto_start' => true,
)
[ info ] [ VIEW ] D:\wamp\www\bick\thinkphp\tpl\dispatch_jump.tpl [ array (
  0 => 'code',
  1 => 'msg',
  2 => 'data',
  3 => 'url',
  4 => 'wait',
) ]
[ info ] [ LOG ] INIT File

---------------------------------------------------------------
[ 2017-06-27T11:24:03+08:00 ] 127.0.0.1 127.0.0.1 GET /bick/public/admin/login/index.html
[ log ] localhost/bick/public/admin/login/index.html [运行时间：0.056003s][吞吐率：17.86req/s] [内存消耗：1,923.88kb] [文件加载：48]
[ info ] [ LANG ] D:\wamp\www\bick\thinkphp\lang\zh-cn.php
[ info ] [ ROUTE ] array (
  'type' => 'module',
  'module' => 
  array (
    0 => 'admin',
    1 => 'login',
    2 => 'index',
  ),
)
[ info ] [ HEADER ] array (
  'accept' => 'application/x-ms-application, image/jpeg, application/xaml+xml, image/gif, image/pjpeg, application/x-ms-xbap, */*',
  'referer' => 'http://localhost/bick/public/admin/cate/cate_add.html',
  'accept-language' => 'zh-CN',
  'user-agent' => 'Mozilla/4.0 (compatible; MSIE 7.0; Windows NT 6.1; WOW64; Trident/5.0; SLCC2; .NET CLR 2.0.50727; .NET CLR 3.5.30729; .NET CLR 3.0.30729; Media Center PC 6.0; .NET4.0C; .NET4.0E)',
  'accept-encoding' => 'gzip, deflate',
  'host' => 'localhost',
  'connection' => 'Keep-Alive',
  'cookie' => 'UM_distinctid=15caef082740-0c775f63c-4349052c-100200-15caef082771f6; CNZZDATA1261810189=1686890235-1497581843-%7C1497581843; PHPSESSID=8g17djj4jqefmbad1nov6uq2e3',
)
[ info ] [ PARAM ] array (
)
[ info ] [ RUN ] app\admin\controller\Login->index[ D:\wamp\www\bick\application\admin\controller\Login.php ]
[ info ] [ VIEW ] D:\wamp\www\bick\public/../application/admin\view\login\login.html [ array (
) ]
[ info ] [ LOG ] INIT File

---------------------------------------------------------------
[ 2017-06-27T11:24:03+08:00 ] 127.0.0.1 127.0.0.1 GET /bick/public/captcha.html
[ log ] localhost/bick/public/captcha.html [运行时间：0.079005s][吞吐率：12.66req/s] [内存消耗：1,591.37kb] [文件加载：39]
[ info ] [ LANG ] D:\wamp\www\bick\thinkphp\lang\zh-cn.php
[ info ] [ ROUTE ] array (
  'type' => 'method',
  'method' => 
  array (
    0 => '\\think\\captcha\\CaptchaController',
    1 => 'index',
  ),
  'var' => 
  array (
  ),
)
[ info ] [ HEADER ] array (
  'accept' => '*/*',
  'referer' => 'http://localhost/bick/public/admin/login/index.html',
  'accept-language' => 'zh-CN',
  'user-agent' => 'Mozilla/4.0 (compatible; MSIE 7.0; Windows NT 6.1; WOW64; Trident/5.0; SLCC2; .NET CLR 2.0.50727; .NET CLR 3.5.30729; .NET CLR 3.0.30729; Media Center PC 6.0; .NET4.0C; .NET4.0E)',
  'accept-encoding' => 'gzip, deflate',
  'host' => 'localhost',
  'connection' => 'Keep-Alive',
  'cookie' => 'UM_distinctid=15caef082740-0c775f63c-4349052c-100200-15caef082771f6; CNZZDATA1261810189=1686890235-1497581843-%7C1497581843; PHPSESSID=8g17djj4jqefmbad1nov6uq2e3',
)
[ info ] [ PARAM ] array (
  'id' => NULL,
)
[ info ] [ RUN ] think\captcha\CaptchaController->index[ D:\wamp\www\bick\vendor\topthink\think-captcha\src\CaptchaController.php ]
[ info ] [ SESSION ] INIT array (
  'id' => '',
  'var_session_id' => '',
  'prefix' => 'think',
  'type' => '',
  'auto_start' => true,
)
[ info ] [ LOG ] INIT File

---------------------------------------------------------------
[ 2017-06-27T11:24:16+08:00 ] 127.0.0.1 127.0.0.1 POST /bick/public/admin/login/index.html
[ log ] localhost/bick/public/admin/login/index.html [运行时间：0.117007s][吞吐率：8.55req/s] [内存消耗：3,127.14kb] [文件加载：59]
[ info ] [ LANG ] D:\wamp\www\bick\thinkphp\lang\zh-cn.php
[ info ] [ ROUTE ] array (
  'type' => 'module',
  'module' => 
  array (
    0 => 'admin',
    1 => 'login',
    2 => 'index',
  ),
)
[ info ] [ HEADER ] array (
  'accept' => 'application/x-ms-application, image/jpeg, application/xaml+xml, image/gif, image/pjpeg, application/x-ms-xbap, */*',
  'referer' => 'http://localhost/bick/public/admin/login/index.html',
  'accept-language' => 'zh-CN',
  'user-agent' => 'Mozilla/4.0 (compatible; MSIE 7.0; Windows NT 6.1; WOW64; Trident/5.0; SLCC2; .NET CLR 2.0.50727; .NET CLR 3.5.30729; .NET CLR 3.0.30729; Media Center PC 6.0; .NET4.0C; .NET4.0E)',
  'content-type' => 'application/x-www-form-urlencoded',
  'accept-encoding' => 'gzip, deflate',
  'host' => 'localhost',
  'content-length' => '39',
  'connection' => 'Keep-Alive',
  'cache-control' => 'no-cache',
  'cookie' => 'UM_distinctid=15caef082740-0c775f63c-4349052c-100200-15caef082771f6; CNZZDATA1261810189=1686890235-1497581843-%7C1497581843; PHPSESSID=8g17djj4jqefmbad1nov6uq2e3',
)
[ info ] [ PARAM ] array (
  'name' => 'xuechao',
  'password' => '1995712',
  'code' => '8165',
)
[ info ] [ RUN ] app\admin\controller\Login->index[ D:\wamp\www\bick\application\admin\controller\Login.php ]
[ info ] [ SESSION ] INIT array (
  'id' => '',
  'var_session_id' => '',
  'prefix' => 'think',
  'type' => '',
  'auto_start' => true,
)
[ info ] [ DB ] INIT mysql
[ info ] [ VIEW ] D:\wamp\www\bick\thinkphp\tpl\dispatch_jump.tpl [ array (
  0 => 'code',
  1 => 'msg',
  2 => 'data',
  3 => 'url',
  4 => 'wait',
) ]
[ info ] [ LOG ] INIT File
[ sql ] [ DB ] CONNECT:[ UseTime:0.011001s ] mysql:dbname=bick;host=localhost;port=3306;charset=utf8
[ sql ] [ SQL ] SHOW COLUMNS FROM `bk_admin` [ RunTime:0.019001s ]
[ sql ] [ SQL ] SELECT * FROM `bk_admin` WHERE  `name` = 'xuechao' LIMIT 1 [ RunTime:0.000000s ]

---------------------------------------------------------------
[ 2017-06-27T11:24:17+08:00 ] 127.0.0.1 127.0.0.1 GET /bick/public/admin/index/index.html
[ log ] localhost/bick/public/admin/index/index.html [运行时间：0.051003s][吞吐率：19.61req/s] [内存消耗：1,964.57kb] [文件加载：50]
[ info ] [ LANG ] D:\wamp\www\bick\thinkphp\lang\zh-cn.php
[ info ] [ ROUTE ] array (
  'type' => 'module',
  'module' => 
  array (
    0 => 'admin',
    1 => 'index',
    2 => 'index',
  ),
)
[ info ] [ HEADER ] array (
  'accept' => 'application/x-ms-application, image/jpeg, application/xaml+xml, image/gif, image/pjpeg, application/x-ms-xbap, */*',
  'referer' => 'http://localhost/bick/public/admin/login/index.html',
  'accept-language' => 'zh-CN',
  'user-agent' => 'Mozilla/4.0 (compatible; MSIE 7.0; Windows NT 6.1; WOW64; Trident/5.0; SLCC2; .NET CLR 2.0.50727; .NET CLR 3.5.30729; .NET CLR 3.0.30729; Media Center PC 6.0; .NET4.0C; .NET4.0E)',
  'accept-encoding' => 'gzip, deflate',
  'host' => 'localhost',
  'connection' => 'Keep-Alive',
  'cookie' => 'UM_distinctid=15caef082740-0c775f63c-4349052c-100200-15caef082771f6; CNZZDATA1261810189=1686890235-1497581843-%7C1497581843; PHPSESSID=8g17djj4jqefmbad1nov6uq2e3',
)
[ info ] [ PARAM ] array (
)
[ info ] [ SESSION ] INIT array (
  'id' => '',
  'var_session_id' => '',
  'prefix' => 'think',
  'type' => '',
  'auto_start' => true,
)
[ info ] [ RUN ] app\admin\controller\Index->index[ D:\wamp\www\bick\application\admin\controller\Index.php ]
[ info ] [ VIEW ] D:\wamp\www\bick\public/../application/admin\view\index\index.html [ array (
) ]
[ info ] [ LOG ] INIT File

---------------------------------------------------------------
[ 2017-06-27T11:24:21+08:00 ] 127.0.0.1 127.0.0.1 GET /bick/public/admin/cate/cate_list.html
[ log ] localhost/bick/public/admin/cate/cate_list.html [运行时间：0.202011s][吞吐率：4.95req/s] [内存消耗：3,229.47kb] [文件加载：60]
[ info ] [ LANG ] D:\wamp\www\bick\thinkphp\lang\zh-cn.php
[ info ] [ ROUTE ] array (
  'type' => 'module',
  'module' => 
  array (
    0 => 'admin',
    1 => 'cate',
    2 => 'cate_list',
  ),
)
[ info ] [ HEADER ] array (
  'accept' => 'application/x-ms-application, image/jpeg, application/xaml+xml, image/gif, image/pjpeg, application/x-ms-xbap, */*',
  'referer' => 'http://localhost/bick/public/admin/index/index.html',
  'accept-language' => 'zh-CN',
  'user-agent' => 'Mozilla/4.0 (compatible; MSIE 7.0; Windows NT 6.1; WOW64; Trident/5.0; SLCC2; .NET CLR 2.0.50727; .NET CLR 3.5.30729; .NET CLR 3.0.30729; Media Center PC 6.0; .NET4.0C; .NET4.0E)',
  'accept-encoding' => 'gzip, deflate',
  'host' => 'localhost',
  'connection' => 'Keep-Alive',
  'cookie' => 'UM_distinctid=15caef082740-0c775f63c-4349052c-100200-15caef082771f6; CNZZDATA1261810189=1686890235-1497581843-%7C1497581843; PHPSESSID=8g17djj4jqefmbad1nov6uq2e3',
)
[ info ] [ PARAM ] array (
)
[ info ] [ SESSION ] INIT array (
  'id' => '',
  'var_session_id' => '',
  'prefix' => 'think',
  'type' => '',
  'auto_start' => true,
)
[ info ] [ DB ] INIT mysql
[ info ] [ RUN ] app\admin\controller\Cate->cate_list[ D:\wamp\www\bick\application\admin\controller\Cate.php ]
[ info ] [ VIEW ] D:\wamp\www\bick\public/../application/admin\view\cate\cate_list.html [ array (
  0 => 'cateres',
) ]
[ info ] [ LOG ] INIT File
[ sql ] [ DB ] CONNECT:[ UseTime:0.002000s ] mysql:dbname=bick;host=localhost;port=3306;charset=utf8
[ sql ] [ SQL ] SHOW COLUMNS FROM `bk_auth_group_access` [ RunTime:0.015001s ]
[ sql ] [ SQL ] SELECT `auth_group_access`.`uid`,`auth_group_access`.`group_id`,`auth_group`.`title`,`auth_group`.`rules` FROM `bk_auth_group_access` `auth_group_access` INNER JOIN `bk_auth_group` `auth_group` ON `auth_group_access`.`group_id`=`auth_group`.`id` WHERE  `status` = 1  AND `auth_group_access`.`uid` = 1 [ RunTime:0.010001s ]
[ sql ] [ SQL ] SHOW COLUMNS FROM `bk_auth_rule` [ RunTime:0.016001s ]
[ sql ] [ SQL ] SELECT `condition`,`name` FROM `bk_auth_rule` WHERE  `id` IN (1,4,3,2,5,6,7,8,9,10,11,12,13,15,16,14,17,18,19,20,21,22,23,24,25,26,29,27,28)  AND `type` = 1  AND `status` = 1 [ RunTime:0.002000s ]
[ sql ] [ SQL ] SHOW COLUMNS FROM `bk_cate` [ RunTime:0.017001s ]
[ sql ] [ SQL ] SELECT * FROM `bk_cate` ORDER BY `sort` [ RunTime:0.002000s ]

---------------------------------------------------------------
[ 2017-06-27T11:24:28+08:00 ] 127.0.0.1 127.0.0.1 GET /bick/public/admin/cate/cate_add.html
[ log ] localhost/bick/public/admin/cate/cate_add.html [运行时间：0.180010s][吞吐率：5.56req/s] [内存消耗：3,229.41kb] [文件加载：60]
[ info ] [ LANG ] D:\wamp\www\bick\thinkphp\lang\zh-cn.php
[ info ] [ ROUTE ] array (
  'type' => 'module',
  'module' => 
  array (
    0 => 'admin',
    1 => 'cate',
    2 => 'cate_add',
  ),
)
[ info ] [ HEADER ] array (
  'accept' => 'application/x-ms-application, image/jpeg, application/xaml+xml, image/gif, image/pjpeg, application/x-ms-xbap, */*',
  'referer' => 'http://localhost/bick/public/admin/cate/cate_list.html',
  'accept-language' => 'zh-CN',
  'user-agent' => 'Mozilla/4.0 (compatible; MSIE 7.0; Windows NT 6.1; WOW64; Trident/5.0; SLCC2; .NET CLR 2.0.50727; .NET CLR 3.5.30729; .NET CLR 3.0.30729; Media Center PC 6.0; .NET4.0C; .NET4.0E)',
  'accept-encoding' => 'gzip, deflate',
  'host' => 'localhost',
  'connection' => 'Keep-Alive',
  'cookie' => 'UM_distinctid=15caef082740-0c775f63c-4349052c-100200-15caef082771f6; CNZZDATA1261810189=1686890235-1497581843-%7C1497581843; PHPSESSID=8g17djj4jqefmbad1nov6uq2e3',
)
[ info ] [ PARAM ] array (
)
[ info ] [ SESSION ] INIT array (
  'id' => '',
  'var_session_id' => '',
  'prefix' => 'think',
  'type' => '',
  'auto_start' => true,
)
[ info ] [ DB ] INIT mysql
[ info ] [ RUN ] app\admin\controller\Cate->cate_add[ D:\wamp\www\bick\application\admin\controller\Cate.php ]
[ info ] [ VIEW ] D:\wamp\www\bick\public/../application/admin\view\cate\cate_add.html [ array (
  0 => 'list',
) ]
[ info ] [ LOG ] INIT File
[ sql ] [ DB ] CONNECT:[ UseTime:0.011000s ] mysql:dbname=bick;host=localhost;port=3306;charset=utf8
[ sql ] [ SQL ] SHOW COLUMNS FROM `bk_auth_group_access` [ RunTime:0.014001s ]
[ sql ] [ SQL ] SELECT `auth_group_access`.`uid`,`auth_group_access`.`group_id`,`auth_group`.`title`,`auth_group`.`rules` FROM `bk_auth_group_access` `auth_group_access` INNER JOIN `bk_auth_group` `auth_group` ON `auth_group_access`.`group_id`=`auth_group`.`id` WHERE  `status` = 1  AND `auth_group_access`.`uid` = 1 [ RunTime:0.001000s ]
[ sql ] [ SQL ] SHOW COLUMNS FROM `bk_auth_rule` [ RunTime:0.014001s ]
[ sql ] [ SQL ] SELECT `condition`,`name` FROM `bk_auth_rule` WHERE  `id` IN (1,4,3,2,5,6,7,8,9,10,11,12,13,15,16,14,17,18,19,20,21,22,23,24,25,26,29,27,28)  AND `type` = 1  AND `status` = 1 [ RunTime:0.002000s ]
[ sql ] [ SQL ] SHOW COLUMNS FROM `bk_cate` [ RunTime:0.013000s ]
[ sql ] [ SQL ] SELECT * FROM `bk_cate` ORDER BY `sort` [ RunTime:0.001001s ]

---------------------------------------------------------------
[ 2017-06-27T11:27:43+08:00 ] 127.0.0.1 127.0.0.1 GET /bick/public/admin/cate/cate_list.html
[ log ] localhost/bick/public/admin/cate/cate_list.html [运行时间：0.187011s][吞吐率：5.35req/s] [内存消耗：3,229.42kb] [文件加载：60]
[ info ] [ LANG ] D:\wamp\www\bick\thinkphp\lang\zh-cn.php
[ info ] [ ROUTE ] array (
  'type' => 'module',
  'module' => 
  array (
    0 => 'admin',
    1 => 'cate',
    2 => 'cate_list',
  ),
)
[ info ] [ HEADER ] array (
  'accept' => 'application/x-ms-application, image/jpeg, application/xaml+xml, image/gif, image/pjpeg, application/x-ms-xbap, */*',
  'referer' => 'http://localhost/bick/public/admin/cate/cate_add.html',
  'accept-language' => 'zh-CN',
  'user-agent' => 'Mozilla/4.0 (compatible; MSIE 7.0; Windows NT 6.1; WOW64; Trident/5.0; SLCC2; .NET CLR 2.0.50727; .NET CLR 3.5.30729; .NET CLR 3.0.30729; Media Center PC 6.0; .NET4.0C; .NET4.0E)',
  'accept-encoding' => 'gzip, deflate',
  'host' => 'localhost',
  'connection' => 'Keep-Alive',
  'cookie' => 'UM_distinctid=15caef082740-0c775f63c-4349052c-100200-15caef082771f6; CNZZDATA1261810189=1686890235-1497581843-%7C1497581843; PHPSESSID=8g17djj4jqefmbad1nov6uq2e3',
)
[ info ] [ PARAM ] array (
)
[ info ] [ SESSION ] INIT array (
  'id' => '',
  'var_session_id' => '',
  'prefix' => 'think',
  'type' => '',
  'auto_start' => true,
)
[ info ] [ DB ] INIT mysql
[ info ] [ RUN ] app\admin\controller\Cate->cate_list[ D:\wamp\www\bick\application\admin\controller\Cate.php ]
[ info ] [ VIEW ] D:\wamp\www\bick\public/../application/admin\view\cate\cate_list.html [ array (
  0 => 'cateres',
) ]
[ info ] [ LOG ] INIT File
[ sql ] [ DB ] CONNECT:[ UseTime:0.001000s ] mysql:dbname=bick;host=localhost;port=3306;charset=utf8
[ sql ] [ SQL ] SHOW COLUMNS FROM `bk_auth_group_access` [ RunTime:0.013001s ]
[ sql ] [ SQL ] SELECT `auth_group_access`.`uid`,`auth_group_access`.`group_id`,`auth_group`.`title`,`auth_group`.`rules` FROM `bk_auth_group_access` `auth_group_access` INNER JOIN `bk_auth_group` `auth_group` ON `auth_group_access`.`group_id`=`auth_group`.`id` WHERE  `status` = 1  AND `auth_group_access`.`uid` = 1 [ RunTime:0.001000s ]
[ sql ] [ SQL ] SHOW COLUMNS FROM `bk_auth_rule` [ RunTime:0.014000s ]
[ sql ] [ SQL ] SELECT `condition`,`name` FROM `bk_auth_rule` WHERE  `id` IN (1,4,3,2,5,6,7,8,9,10,11,12,13,15,16,14,17,18,19,20,21,22,23,24,25,26,29,27,28)  AND `type` = 1  AND `status` = 1 [ RunTime:0.001000s ]
[ sql ] [ SQL ] SHOW COLUMNS FROM `bk_cate` [ RunTime:0.014001s ]
[ sql ] [ SQL ] SELECT * FROM `bk_cate` ORDER BY `sort` [ RunTime:0.001000s ]

---------------------------------------------------------------
[ 2017-06-27T11:54:02+08:00 ] 127.0.0.1 127.0.0.1 GET /bick/public/admin/admin/admin_list.html
[ log ] localhost/bick/public/admin/admin/admin_list.html [运行时间：0.197011s][吞吐率：5.08req/s] [内存消耗：2,832.58kb] [文件加载：57]
[ info ] [ LANG ] D:\wamp\www\bick\thinkphp\lang\zh-cn.php
[ info ] [ ROUTE ] array (
  'type' => 'module',
  'module' => 
  array (
    0 => 'admin',
    1 => 'admin',
    2 => 'admin_list',
  ),
)
[ info ] [ HEADER ] array (
  'accept' => 'application/x-ms-application, image/jpeg, application/xaml+xml, image/gif, image/pjpeg, application/x-ms-xbap, */*',
  'referer' => 'http://localhost/bick/public/admin/cate/cate_list.html',
  'accept-language' => 'zh-CN',
  'user-agent' => 'Mozilla/4.0 (compatible; MSIE 7.0; Windows NT 6.1; WOW64; Trident/5.0; SLCC2; .NET CLR 2.0.50727; .NET CLR 3.5.30729; .NET CLR 3.0.30729; Media Center PC 6.0; .NET4.0C; .NET4.0E)',
  'accept-encoding' => 'gzip, deflate',
  'host' => 'localhost',
  'connection' => 'Keep-Alive',
  'cookie' => 'UM_distinctid=15caef082740-0c775f63c-4349052c-100200-15caef082771f6; CNZZDATA1261810189=1686890235-1497581843-%7C1497581843; PHPSESSID=8g17djj4jqefmbad1nov6uq2e3',
)
[ info ] [ PARAM ] array (
)
[ info ] [ SESSION ] INIT array (
  'id' => '',
  'var_session_id' => '',
  'prefix' => 'think',
  'type' => '',
  'auto_start' => true,
)
[ info ] [ DB ] INIT mysql
[ info ] [ RUN ] app\admin\controller\Admin->admin_list[ D:\wamp\www\bick\application\admin\controller\Admin.php ]
[ info ] [ VIEW ] D:\wamp\www\bick\public/../application/admin\view\admin\admin_list.html [ array (
  0 => 'list',
) ]
[ info ] [ LOG ] INIT File
[ sql ] [ DB ] CONNECT:[ UseTime:0.012000s ] mysql:dbname=bick;host=localhost;port=3306;charset=utf8
[ sql ] [ SQL ] SHOW COLUMNS FROM `bk_auth_group_access` [ RunTime:0.019002s ]
[ sql ] [ SQL ] SELECT `auth_group_access`.`uid`,`auth_group_access`.`group_id`,`auth_group`.`title`,`auth_group`.`rules` FROM `bk_auth_group_access` `auth_group_access` INNER JOIN `bk_auth_group` `auth_group` ON `auth_group_access`.`group_id`=`auth_group`.`id` WHERE  `status` = 1  AND `auth_group_access`.`uid` = 1 [ RunTime:0.001000s ]
[ sql ] [ SQL ] SHOW COLUMNS FROM `bk_auth_rule` [ RunTime:0.019001s ]
[ sql ] [ SQL ] SELECT `condition`,`name` FROM `bk_auth_rule` WHERE  `id` IN (1,4,3,2,5,6,7,8,9,10,11,12,13,15,16,14,17,18,19,20,21,22,23,24,25,26,29,27,28)  AND `type` = 1  AND `status` = 1 [ RunTime:0.001000s ]
[ sql ] [ SQL ] SHOW COLUMNS FROM `bk_admin` [ RunTime:0.016001s ]
[ sql ] [ SQL ] SELECT `id`,`name` FROM `bk_admin` [ RunTime:0.001000s ]
[ sql ] [ SQL ] SELECT `auth_group_access`.`uid`,`auth_group_access`.`group_id`,`auth_group`.`title`,`auth_group`.`rules` FROM `bk_auth_group_access` `auth_group_access` INNER JOIN `bk_auth_group` `auth_group` ON `auth_group_access`.`group_id`=`auth_group`.`id` WHERE  `status` = 1  AND `auth_group_access`.`uid` = 2 [ RunTime:0.001000s ]
[ sql ] [ SQL ] SELECT `auth_group_access`.`uid`,`auth_group_access`.`group_id`,`auth_group`.`title`,`auth_group`.`rules` FROM `bk_auth_group_access` `auth_group_access` INNER JOIN `bk_auth_group` `auth_group` ON `auth_group_access`.`group_id`=`auth_group`.`id` WHERE  `status` = 1  AND `auth_group_access`.`uid` = 3 [ RunTime:0.001000s ]
[ sql ] [ SQL ] SELECT `auth_group_access`.`uid`,`auth_group_access`.`group_id`,`auth_group`.`title`,`auth_group`.`rules` FROM `bk_auth_group_access` `auth_group_access` INNER JOIN `bk_auth_group` `auth_group` ON `auth_group_access`.`group_id`=`auth_group`.`id` WHERE  `status` = 1  AND `auth_group_access`.`uid` = 4 [ RunTime:0.001000s ]
[ sql ] [ SQL ] SELECT `auth_group_access`.`uid`,`auth_group_access`.`group_id`,`auth_group`.`title`,`auth_group`.`rules` FROM `bk_auth_group_access` `auth_group_access` INNER JOIN `bk_auth_group` `auth_group` ON `auth_group_access`.`group_id`=`auth_group`.`id` WHERE  `status` = 1  AND `auth_group_access`.`uid` = 5 [ RunTime:0.001000s ]

---------------------------------------------------------------
[ 2017-06-27T11:54:06+08:00 ] 127.0.0.1 127.0.0.1 GET /bick/public/admin/conf/conf.html
[ log ] localhost/bick/public/admin/conf/conf.html [运行时间：0.130008s][吞吐率：7.69req/s] [内存消耗：2,855.95kb] [文件加载：58]
[ info ] [ LANG ] D:\wamp\www\bick\thinkphp\lang\zh-cn.php
[ info ] [ ROUTE ] array (
  'type' => 'module',
  'module' => 
  array (
    0 => 'admin',
    1 => 'conf',
    2 => 'conf',
  ),
)
[ info ] [ HEADER ] array (
  'accept' => 'application/x-ms-application, image/jpeg, application/xaml+xml, image/gif, image/pjpeg, application/x-ms-xbap, */*',
  'referer' => 'http://localhost/bick/public/admin/admin/admin_list.html',
  'accept-language' => 'zh-CN',
  'user-agent' => 'Mozilla/4.0 (compatible; MSIE 7.0; Windows NT 6.1; WOW64; Trident/5.0; SLCC2; .NET CLR 2.0.50727; .NET CLR 3.5.30729; .NET CLR 3.0.30729; Media Center PC 6.0; .NET4.0C; .NET4.0E)',
  'accept-encoding' => 'gzip, deflate',
  'host' => 'localhost',
  'connection' => 'Keep-Alive',
  'cookie' => 'UM_distinctid=15caef082740-0c775f63c-4349052c-100200-15caef082771f6; CNZZDATA1261810189=1686890235-1497581843-%7C1497581843; PHPSESSID=8g17djj4jqefmbad1nov6uq2e3',
)
[ info ] [ PARAM ] array (
)
[ info ] [ SESSION ] INIT array (
  'id' => '',
  'var_session_id' => '',
  'prefix' => 'think',
  'type' => '',
  'auto_start' => true,
)
[ info ] [ DB ] INIT mysql
[ info ] [ RUN ] app\admin\controller\Conf->conf[ D:\wamp\www\bick\application\admin\controller\Conf.php ]
[ info ] [ VIEW ] D:\wamp\www\bick\public/../application/admin\view\conf\conf.html [ array (
  0 => 'confres',
) ]
[ info ] [ LOG ] INIT File
[ sql ] [ DB ] CONNECT:[ UseTime:0.002000s ] mysql:dbname=bick;host=localhost;port=3306;charset=utf8
[ sql ] [ SQL ] SHOW COLUMNS FROM `bk_auth_group_access` [ RunTime:0.014001s ]
[ sql ] [ SQL ] SELECT `auth_group_access`.`uid`,`auth_group_access`.`group_id`,`auth_group`.`title`,`auth_group`.`rules` FROM `bk_auth_group_access` `auth_group_access` INNER JOIN `bk_auth_group` `auth_group` ON `auth_group_access`.`group_id`=`auth_group`.`id` WHERE  `status` = 1  AND `auth_group_access`.`uid` = 1 [ RunTime:0.000000s ]
[ sql ] [ SQL ] SHOW COLUMNS FROM `bk_auth_rule` [ RunTime:0.015001s ]
[ sql ] [ SQL ] SELECT `condition`,`name` FROM `bk_auth_rule` WHERE  `id` IN (1,4,3,2,5,6,7,8,9,10,11,12,13,15,16,14,17,18,19,20,21,22,23,24,25,26,29,27,28)  AND `type` = 1  AND `status` = 1 [ RunTime:0.002000s ]
[ sql ] [ SQL ] SHOW COLUMNS FROM `bk_conf` [ RunTime:0.018001s ]
[ sql ] [ SQL ] SELECT * FROM `bk_conf` ORDER BY sort asc [ RunTime:0.001000s ]

---------------------------------------------------------------
[ 2017-06-27T11:54:08+08:00 ] 127.0.0.1 127.0.0.1 GET /bick/public/admin/conf/conf_list.html
[ log ] localhost/bick/public/admin/conf/conf_list.html [运行时间：0.135008s][吞吐率：7.41req/s] [内存消耗：2,978.65kb] [文件加载：61]
[ info ] [ LANG ] D:\wamp\www\bick\thinkphp\lang\zh-cn.php
[ info ] [ ROUTE ] array (
  'type' => 'module',
  'module' => 
  array (
    0 => 'admin',
    1 => 'conf',
    2 => 'conf_list',
  ),
)
[ info ] [ HEADER ] array (
  'accept' => 'application/x-ms-application, image/jpeg, application/xaml+xml, image/gif, image/pjpeg, application/x-ms-xbap, */*',
  'referer' => 'http://localhost/bick/public/admin/conf/conf.html',
  'accept-language' => 'zh-CN',
  'user-agent' => 'Mozilla/4.0 (compatible; MSIE 7.0; Windows NT 6.1; WOW64; Trident/5.0; SLCC2; .NET CLR 2.0.50727; .NET CLR 3.5.30729; .NET CLR 3.0.30729; Media Center PC 6.0; .NET4.0C; .NET4.0E)',
  'accept-encoding' => 'gzip, deflate',
  'host' => 'localhost',
  'connection' => 'Keep-Alive',
  'cookie' => 'UM_distinctid=15caef082740-0c775f63c-4349052c-100200-15caef082771f6; CNZZDATA1261810189=1686890235-1497581843-%7C1497581843; PHPSESSID=8g17djj4jqefmbad1nov6uq2e3',
)
[ info ] [ PARAM ] array (
)
[ info ] [ SESSION ] INIT array (
  'id' => '',
  'var_session_id' => '',
  'prefix' => 'think',
  'type' => '',
  'auto_start' => true,
)
[ info ] [ DB ] INIT mysql
[ info ] [ RUN ] app\admin\controller\Conf->conf_list[ D:\wamp\www\bick\application\admin\controller\Conf.php ]
[ info ] [ VIEW ] D:\wamp\www\bick\public/../application/admin\view\conf\conf_list.html [ array (
  0 => 'confres',
) ]
[ info ] [ LOG ] INIT File
[ sql ] [ DB ] CONNECT:[ UseTime:0.001000s ] mysql:dbname=bick;host=localhost;port=3306;charset=utf8
[ sql ] [ SQL ] SHOW COLUMNS FROM `bk_auth_group_access` [ RunTime:0.015001s ]
[ sql ] [ SQL ] SELECT `auth_group_access`.`uid`,`auth_group_access`.`group_id`,`auth_group`.`title`,`auth_group`.`rules` FROM `bk_auth_group_access` `auth_group_access` INNER JOIN `bk_auth_group` `auth_group` ON `auth_group_access`.`group_id`=`auth_group`.`id` WHERE  `status` = 1  AND `auth_group_access`.`uid` = 1 [ RunTime:0.001000s ]
[ sql ] [ SQL ] SHOW COLUMNS FROM `bk_auth_rule` [ RunTime:0.014001s ]
[ sql ] [ SQL ] SELECT `condition`,`name` FROM `bk_auth_rule` WHERE  `id` IN (1,4,3,2,5,6,7,8,9,10,11,12,13,15,16,14,17,18,19,20,21,22,23,24,25,26,29,27,28)  AND `type` = 1  AND `status` = 1 [ RunTime:0.001000s ]
[ sql ] [ SQL ] SHOW COLUMNS FROM `bk_conf` [ RunTime:0.013000s ]
[ sql ] [ SQL ] SELECT COUNT(*) AS tp_count FROM `bk_conf` LIMIT 1 [ RunTime:0.001000s ]
[ sql ] [ SQL ] SELECT * FROM `bk_conf` ORDER BY sort asc LIMIT 0,10 [ RunTime:0.001001s ]

---------------------------------------------------------------
