[ 2017-05-09T16:37:19+08:00 ] ::1 ::1 GET /bick/public/
[ log ] localhost/bick/public/ [运行时间：0.229013s][吞吐率：4.37req/s] [内存消耗：2,872.41kb] [文件加载：56]
[ info ] [ LANG ] D:\wamp\www\bick\thinkphp\lang\zh-cn.php
[ info ] [ ROUTE ] array (
  'type' => 'module',
  'module' => 
  array (
    0 => '',
    1 => NULL,
    2 => NULL,
  ),
)
[ info ] [ HEADER ] array (
  'host' => 'localhost',
  'connection' => 'keep-alive',
  'upgrade-insecure-requests' => '1',
  'user-agent' => 'Mozilla/5.0 (Windows NT 6.1; Win64; x64) AppleWebKit/537.36 (KHTML, like Gecko) Chrome/58.0.3029.81 Safari/537.36',
  'accept' => 'text/html,application/xhtml+xml,application/xml;q=0.9,image/webp,*/*;q=0.8',
  'referer' => 'http://localhost/bick/',
  'accept-encoding' => 'gzip, deflate, sdch, br',
  'accept-language' => 'zh-CN,zh;q=0.8',
  'cookie' => 'pgv_pvi=9664729088; UM_distinctid=15bd7967512117-0a12d63198eef4-541b371f-100200-15bd7967513695; FashionPlusUserIdentity=0; CNZZDATA1261810189=996268590-1493967762-%7C1493967762; PHPSESSID=l4vl2l0k5kuq5apunqb416elj1',
)
[ info ] [ PARAM ] array (
)
[ info ] [ DB ] INIT mysql
[ info ] [ RUN ] app\index\controller\Index->index[ D:\wamp\www\bick\application\index\controller\Index.php ]
[ info ] [ VIEW ] D:\wamp\www\bick\public/../application/index\view\index\index.html [ array (
  0 => 'confs',
  1 => 'cates',
  2 => 'res_bottom_cates',
  3 => 'index_arts',
  4 => 'hot_arts',
  5 => 'links',
  6 => 'rec_arts',
  7 => 'res_index_cates',
) ]
[ info ] [ LOG ] INIT File
[ sql ] [ DB ] CONNECT:[ UseTime:0.002000s ] mysql:dbname=bick;host=localhost;port=3306;charset=utf8
[ sql ] [ SQL ] SHOW COLUMNS FROM `bk_conf` [ RunTime:0.018001s ]
[ sql ] [ SQL ] SELECT `enname`,`cnname` FROM `bk_conf` [ RunTime:0.001000s ]
[ sql ] [ SQL ] SHOW COLUMNS FROM `bk_cate` [ RunTime:0.017001s ]
[ sql ] [ SQL ] SELECT * FROM `bk_cate` WHERE  `pid` = 0 [ RunTime:0.001000s ]
[ sql ] [ SQL ] SELECT * FROM `bk_cate` WHERE  `pid` = 9 [ RunTime:0.000000s ]
[ sql ] [ SQL ] SELECT * FROM `bk_cate` WHERE  `pid` = 17 [ RunTime:0.001000s ]
[ sql ] [ SQL ] SELECT * FROM `bk_cate` WHERE  `pid` = 20 [ RunTime:0.001000s ]
[ sql ] [ SQL ] SELECT * FROM `bk_cate` WHERE  `pid` = 21 [ RunTime:0.000000s ]
[ sql ] [ SQL ] SELECT `id`,`type`,`catename` FROM `bk_cate` WHERE  `rec_bottom` = 1 ORDER BY `id` [ RunTime:0.001000s ]
[ sql ] [ SQL ] SHOW COLUMNS FROM `bk_article` [ RunTime:0.018001s ]
[ sql ] [ SQL ] SELECT `a`.*,`c`.`catename` FROM `bk_article` `a` INNER JOIN `bk_cate` `c` ON `a`.`cateid`=`c`.`id` ORDER BY id desc LIMIT 10 [ RunTime:0.002000s ]
[ sql ] [ SQL ] SELECT `id`,`thumb`,`title` FROM `bk_article` ORDER BY click desc LIMIT 5 [ RunTime:0.000000s ]
[ sql ] [ SQL ] SHOW COLUMNS FROM `bk_link` [ RunTime:0.018001s ]
[ sql ] [ SQL ] SELECT * FROM `bk_link` ORDER BY `sort` [ RunTime:0.001000s ]
[ sql ] [ SQL ] SELECT `id`,`title`,`thumb` FROM `bk_article` WHERE  `rec` = 1 ORDER BY id desc LIMIT 4 [ RunTime:0.001001s ]
[ sql ] [ SQL ] SELECT `id`,`type`,`catename` FROM `bk_cate` WHERE  `rec_index` = 1 ORDER BY `id` [ RunTime:0.000000s ]

---------------------------------------------------------------
[ 2017-05-09T16:37:19+08:00 ] ::1 ::1 GET /bick/public/static/index/style/jquery.error.js
[ log ] localhost/bick/public/static/index/style/jquery.error.js [运行时间：0.068004s][吞吐率：14.71req/s] [内存消耗：1,565.53kb] [文件加载：40]
[ info ] [ LANG ] D:\wamp\www\bick\thinkphp\lang\zh-cn.php
[ info ] [ ROUTE ] array (
  'type' => 'module',
  'module' => 
  array (
    0 => 'static',
    1 => 'index',
    2 => 'style',
  ),
)
[ info ] [ HEADER ] array (
  'host' => 'localhost',
  'connection' => 'keep-alive',
  'user-agent' => 'Mozilla/5.0 (Windows NT 6.1; Win64; x64) AppleWebKit/537.36 (KHTML, like Gecko) Chrome/58.0.3029.81 Safari/537.36',
  'accept' => '*/*',
  'referer' => 'http://localhost/bick/public/',
  'accept-encoding' => 'gzip, deflate, sdch, br',
  'accept-language' => 'zh-CN,zh;q=0.8',
  'cookie' => 'pgv_pvi=9664729088; UM_distinctid=15bd7967512117-0a12d63198eef4-541b371f-100200-15bd7967513695; FashionPlusUserIdentity=0; CNZZDATA1261810189=996268590-1493967762-%7C1493967762; PHPSESSID=l4vl2l0k5kuq5apunqb416elj1',
)
[ info ] [ PARAM ] array (
)
[ info ] [ LOG ] INIT File

---------------------------------------------------------------
[ 2017-05-09T16:37:19+08:00 ] ::1 ::1 GET /bick/public/static/index/style/jquery.form.js
[ log ] localhost/bick/public/static/index/style/jquery.form.js [运行时间：0.056004s][吞吐率：17.86req/s] [内存消耗：1,565.53kb] [文件加载：40]
[ info ] [ LANG ] D:\wamp\www\bick\thinkphp\lang\zh-cn.php
[ info ] [ ROUTE ] array (
  'type' => 'module',
  'module' => 
  array (
    0 => 'static',
    1 => 'index',
    2 => 'style',
  ),
)
[ info ] [ HEADER ] array (
  'host' => 'localhost',
  'connection' => 'keep-alive',
  'user-agent' => 'Mozilla/5.0 (Windows NT 6.1; Win64; x64) AppleWebKit/537.36 (KHTML, like Gecko) Chrome/58.0.3029.81 Safari/537.36',
  'accept' => '*/*',
  'referer' => 'http://localhost/bick/public/',
  'accept-encoding' => 'gzip, deflate, sdch, br',
  'accept-language' => 'zh-CN,zh;q=0.8',
  'cookie' => 'pgv_pvi=9664729088; UM_distinctid=15bd7967512117-0a12d63198eef4-541b371f-100200-15bd7967513695; FashionPlusUserIdentity=0; CNZZDATA1261810189=996268590-1493967762-%7C1493967762; PHPSESSID=l4vl2l0k5kuq5apunqb416elj1',
)
[ info ] [ PARAM ] array (
)
[ info ] [ LOG ] INIT File

---------------------------------------------------------------
[ 2017-05-09T16:37:19+08:00 ] ::1 ::1 GET /bick/public/static/index/images/loading.gif
[ log ] localhost/bick/public/static/index/images/loading.gif [运行时间：0.064004s][吞吐率：15.62req/s] [内存消耗：1,565.83kb] [文件加载：40]
[ info ] [ LANG ] D:\wamp\www\bick\thinkphp\lang\zh-cn.php
[ info ] [ ROUTE ] array (
  'type' => 'module',
  'module' => 
  array (
    0 => 'static',
    1 => 'index',
    2 => 'images',
  ),
)
[ info ] [ HEADER ] array (
  'host' => 'localhost',
  'connection' => 'keep-alive',
  'user-agent' => 'Mozilla/5.0 (Windows NT 6.1; Win64; x64) AppleWebKit/537.36 (KHTML, like Gecko) Chrome/58.0.3029.81 Safari/537.36',
  'accept' => 'image/webp,image/*,*/*;q=0.8',
  'referer' => 'http://localhost/bick/public/static/index/style/style.css',
  'accept-encoding' => 'gzip, deflate, sdch, br',
  'accept-language' => 'zh-CN,zh;q=0.8',
  'cookie' => 'pgv_pvi=9664729088; UM_distinctid=15bd7967512117-0a12d63198eef4-541b371f-100200-15bd7967513695; FashionPlusUserIdentity=0; CNZZDATA1261810189=996268590-1493967762-%7C1493967762; PHPSESSID=l4vl2l0k5kuq5apunqb416elj1',
)
[ info ] [ PARAM ] array (
)
[ info ] [ LOG ] INIT File

---------------------------------------------------------------
[ 2017-05-09T16:37:19+08:00 ] ::1 ::1 GET /bick/public/static/index/images/focus-bg2.png
[ log ] localhost/bick/public/static/index/images/focus-bg2.png [运行时间：0.056003s][吞吐率：17.86req/s] [内存消耗：1,565.71kb] [文件加载：40]
[ info ] [ LANG ] D:\wamp\www\bick\thinkphp\lang\zh-cn.php
[ info ] [ ROUTE ] array (
  'type' => 'module',
  'module' => 
  array (
    0 => 'static',
    1 => 'index',
    2 => 'images',
  ),
)
[ info ] [ HEADER ] array (
  'host' => 'localhost',
  'connection' => 'keep-alive',
  'user-agent' => 'Mozilla/5.0 (Windows NT 6.1; Win64; x64) AppleWebKit/537.36 (KHTML, like Gecko) Chrome/58.0.3029.81 Safari/537.36',
  'accept' => 'image/webp,image/*,*/*;q=0.8',
  'referer' => 'http://localhost/bick/public/static/index/style/style.css',
  'accept-encoding' => 'gzip, deflate, sdch, br',
  'accept-language' => 'zh-CN,zh;q=0.8',
  'cookie' => 'pgv_pvi=9664729088; UM_distinctid=15bd7967512117-0a12d63198eef4-541b371f-100200-15bd7967513695; FashionPlusUserIdentity=0; CNZZDATA1261810189=996268590-1493967762-%7C1493967762; PHPSESSID=l4vl2l0k5kuq5apunqb416elj1',
)
[ info ] [ PARAM ] array (
)
[ info ] [ LOG ] INIT File

---------------------------------------------------------------
[ 2017-05-09T16:37:19+08:00 ] ::1 ::1 GET /bick/public/static/index/images/sitemap-dot.gif
[ log ] localhost/bick/public/static/index/images/sitemap-dot.gif [运行时间：0.066004s][吞吐率：15.15req/s] [内存消耗：1,565.70kb] [文件加载：40]
[ info ] [ LANG ] D:\wamp\www\bick\thinkphp\lang\zh-cn.php
[ info ] [ ROUTE ] array (
  'type' => 'module',
  'module' => 
  array (
    0 => 'static',
    1 => 'index',
    2 => 'images',
  ),
)
[ info ] [ HEADER ] array (
  'host' => 'localhost',
  'connection' => 'keep-alive',
  'user-agent' => 'Mozilla/5.0 (Windows NT 6.1; Win64; x64) AppleWebKit/537.36 (KHTML, like Gecko) Chrome/58.0.3029.81 Safari/537.36',
  'accept' => 'image/webp,image/*,*/*;q=0.8',
  'referer' => 'http://localhost/bick/public/static/index/style/style.css',
  'accept-encoding' => 'gzip, deflate, sdch, br',
  'accept-language' => 'zh-CN,zh;q=0.8',
  'cookie' => 'pgv_pvi=9664729088; UM_distinctid=15bd7967512117-0a12d63198eef4-541b371f-100200-15bd7967513695; FashionPlusUserIdentity=0; CNZZDATA1261810189=996268590-1493967762-%7C1493967762; PHPSESSID=l4vl2l0k5kuq5apunqb416elj1',
)
[ info ] [ PARAM ] array (
)
[ info ] [ LOG ] INIT File

---------------------------------------------------------------
[ 2017-05-09T16:37:19+08:00 ] ::1 ::1 GET /bick/public/static/index/images/scroll.png
[ log ] localhost/bick/public/static/index/images/scroll.png [运行时间：0.047003s][吞吐率：21.28req/s] [内存消耗：1,565.60kb] [文件加载：40]
[ info ] [ LANG ] D:\wamp\www\bick\thinkphp\lang\zh-cn.php
[ info ] [ ROUTE ] array (
  'type' => 'module',
  'module' => 
  array (
    0 => 'static',
    1 => 'index',
    2 => 'images',
  ),
)
[ info ] [ HEADER ] array (
  'host' => 'localhost',
  'connection' => 'keep-alive',
  'user-agent' => 'Mozilla/5.0 (Windows NT 6.1; Win64; x64) AppleWebKit/537.36 (KHTML, like Gecko) Chrome/58.0.3029.81 Safari/537.36',
  'accept' => 'image/webp,image/*,*/*;q=0.8',
  'referer' => 'http://localhost/bick/public/static/index/style/style.css',
  'accept-encoding' => 'gzip, deflate, sdch, br',
  'accept-language' => 'zh-CN,zh;q=0.8',
  'cookie' => 'pgv_pvi=9664729088; UM_distinctid=15bd7967512117-0a12d63198eef4-541b371f-100200-15bd7967513695; FashionPlusUserIdentity=0; CNZZDATA1261810189=996268590-1493967762-%7C1493967762; PHPSESSID=l4vl2l0k5kuq5apunqb416elj1',
)
[ info ] [ PARAM ] array (
)
[ info ] [ LOG ] INIT File

---------------------------------------------------------------
[ 2017-05-09T16:37:22+08:00 ] ::1 ::1 GET /bick/public/admin
[ log ] localhost/bick/public/admin [运行时间：0.054003s][吞吐率：18.52req/s] [内存消耗：1,923.69kb] [文件加载：48]
[ info ] [ LANG ] D:\wamp\www\bick\thinkphp\lang\zh-cn.php
[ info ] [ ROUTE ] array (
  'type' => 'module',
  'module' => 
  array (
    0 => 'admin',
    1 => NULL,
    2 => NULL,
  ),
)
[ info ] [ HEADER ] array (
  'host' => 'localhost',
  'connection' => 'keep-alive',
  'upgrade-insecure-requests' => '1',
  'user-agent' => 'Mozilla/5.0 (Windows NT 6.1; Win64; x64) AppleWebKit/537.36 (KHTML, like Gecko) Chrome/58.0.3029.81 Safari/537.36',
  'accept' => 'text/html,application/xhtml+xml,application/xml;q=0.9,image/webp,*/*;q=0.8',
  'accept-encoding' => 'gzip, deflate, sdch, br',
  'accept-language' => 'zh-CN,zh;q=0.8',
  'cookie' => 'pgv_pvi=9664729088; UM_distinctid=15bd7967512117-0a12d63198eef4-541b371f-100200-15bd7967513695; FashionPlusUserIdentity=0; CNZZDATA1261810189=996268590-1493967762-%7C1493967762; PHPSESSID=l4vl2l0k5kuq5apunqb416elj1',
)
[ info ] [ PARAM ] array (
)
[ info ] [ RUN ] app\admin\controller\Login->index[ D:\wamp\www\bick\application\admin\controller\Login.php ]
[ info ] [ VIEW ] D:\wamp\www\bick\public/../application/admin\view\login\login.html [ array (
) ]
[ info ] [ LOG ] INIT File

---------------------------------------------------------------
[ 2017-05-09T16:37:22+08:00 ] ::1 ::1 GET /bick/public/captcha.html
[ log ] localhost/bick/public/captcha.html [运行时间：0.078005s][吞吐率：12.82req/s] [内存消耗：1,591.34kb] [文件加载：39]
[ info ] [ LANG ] D:\wamp\www\bick\thinkphp\lang\zh-cn.php
[ info ] [ ROUTE ] array (
  'type' => 'method',
  'method' => 
  array (
    0 => '\\think\\captcha\\CaptchaController',
    1 => 'index',
  ),
  'var' => 
  array (
  ),
)
[ info ] [ HEADER ] array (
  'host' => 'localhost',
  'connection' => 'keep-alive',
  'user-agent' => 'Mozilla/5.0 (Windows NT 6.1; Win64; x64) AppleWebKit/537.36 (KHTML, like Gecko) Chrome/58.0.3029.81 Safari/537.36',
  'accept' => 'image/webp,image/*,*/*;q=0.8',
  'referer' => 'http://localhost/bick/public/admin',
  'accept-encoding' => 'gzip, deflate, sdch, br',
  'accept-language' => 'zh-CN,zh;q=0.8',
  'cookie' => 'pgv_pvi=9664729088; UM_distinctid=15bd7967512117-0a12d63198eef4-541b371f-100200-15bd7967513695; FashionPlusUserIdentity=0; CNZZDATA1261810189=996268590-1493967762-%7C1493967762; PHPSESSID=l4vl2l0k5kuq5apunqb416elj1',
)
[ info ] [ PARAM ] array (
  'id' => NULL,
)
[ info ] [ RUN ] think\captcha\CaptchaController->index[ D:\wamp\www\bick\vendor\topthink\think-captcha\src\CaptchaController.php ]
[ info ] [ SESSION ] INIT array (
  'id' => '',
  'var_session_id' => '',
  'prefix' => 'think',
  'type' => '',
  'auto_start' => true,
)
[ info ] [ LOG ] INIT File

---------------------------------------------------------------
[ 2017-05-09T16:37:33+08:00 ] ::1 ::1 POST /bick/public/admin
[ log ] localhost/bick/public/admin [运行时间：0.055003s][吞吐率：18.18req/s] [内存消耗：1,927.20kb] [文件加载：49]
[ info ] [ LANG ] D:\wamp\www\bick\thinkphp\lang\zh-cn.php
[ info ] [ ROUTE ] array (
  'type' => 'module',
  'module' => 
  array (
    0 => 'admin',
    1 => NULL,
    2 => NULL,
  ),
)
[ info ] [ HEADER ] array (
  'host' => 'localhost',
  'connection' => 'keep-alive',
  'content-length' => '39',
  'cache-control' => 'max-age=0',
  'origin' => 'http://localhost',
  'upgrade-insecure-requests' => '1',
  'user-agent' => 'Mozilla/5.0 (Windows NT 6.1; Win64; x64) AppleWebKit/537.36 (KHTML, like Gecko) Chrome/58.0.3029.81 Safari/537.36',
  'content-type' => 'application/x-www-form-urlencoded',
  'accept' => 'text/html,application/xhtml+xml,application/xml;q=0.9,image/webp,*/*;q=0.8',
  'referer' => 'http://localhost/bick/public/admin',
  'accept-encoding' => 'gzip, deflate, br',
  'accept-language' => 'zh-CN,zh;q=0.8',
  'cookie' => 'pgv_pvi=9664729088; UM_distinctid=15bd7967512117-0a12d63198eef4-541b371f-100200-15bd7967513695; FashionPlusUserIdentity=0; CNZZDATA1261810189=996268590-1493967762-%7C1493967762; PHPSESSID=l4vl2l0k5kuq5apunqb416elj1',
)
[ info ] [ PARAM ] array (
  'name' => 'xuechao',
  'password' => '1995712',
  'code' => '8287',
)
[ info ] [ RUN ] app\admin\controller\Login->index[ D:\wamp\www\bick\application\admin\controller\Login.php ]
[ info ] [ SESSION ] INIT array (
  'id' => '',
  'var_session_id' => '',
  'prefix' => 'think',
  'type' => '',
  'auto_start' => true,
)
[ info ] [ VIEW ] D:\wamp\www\bick\thinkphp\tpl\dispatch_jump.tpl [ array (
  0 => 'code',
  1 => 'msg',
  2 => 'data',
  3 => 'url',
  4 => 'wait',
) ]
[ info ] [ LOG ] INIT File

---------------------------------------------------------------
[ 2017-05-09T16:37:36+08:00 ] ::1 ::1 GET /bick/public/admin
[ log ] localhost/bick/public/admin [运行时间：0.060003s][吞吐率：16.67req/s] [内存消耗：1,923.69kb] [文件加载：48]
[ info ] [ LANG ] D:\wamp\www\bick\thinkphp\lang\zh-cn.php
[ info ] [ ROUTE ] array (
  'type' => 'module',
  'module' => 
  array (
    0 => 'admin',
    1 => NULL,
    2 => NULL,
  ),
)
[ info ] [ HEADER ] array (
  'host' => 'localhost',
  'connection' => 'keep-alive',
  'upgrade-insecure-requests' => '1',
  'user-agent' => 'Mozilla/5.0 (Windows NT 6.1; Win64; x64) AppleWebKit/537.36 (KHTML, like Gecko) Chrome/58.0.3029.81 Safari/537.36',
  'accept' => 'text/html,application/xhtml+xml,application/xml;q=0.9,image/webp,*/*;q=0.8',
  'accept-encoding' => 'gzip, deflate, sdch, br',
  'accept-language' => 'zh-CN,zh;q=0.8',
  'cookie' => 'pgv_pvi=9664729088; UM_distinctid=15bd7967512117-0a12d63198eef4-541b371f-100200-15bd7967513695; FashionPlusUserIdentity=0; CNZZDATA1261810189=996268590-1493967762-%7C1493967762; PHPSESSID=l4vl2l0k5kuq5apunqb416elj1',
)
[ info ] [ PARAM ] array (
)
[ info ] [ RUN ] app\admin\controller\Login->index[ D:\wamp\www\bick\application\admin\controller\Login.php ]
[ info ] [ VIEW ] D:\wamp\www\bick\public/../application/admin\view\login\login.html [ array (
) ]
[ info ] [ LOG ] INIT File

---------------------------------------------------------------
[ 2017-05-09T16:37:41+08:00 ] ::1 ::1 GET /bick/public/captcha.html?0.8738494160498098
[ log ] localhost/bick/public/captcha.html?0.8738494160498098 [运行时间：0.061003s][吞吐率：16.39req/s] [内存消耗：1,591.56kb] [文件加载：39]
[ info ] [ LANG ] D:\wamp\www\bick\thinkphp\lang\zh-cn.php
[ info ] [ ROUTE ] array (
  'type' => 'method',
  'method' => 
  array (
    0 => '\\think\\captcha\\CaptchaController',
    1 => 'index',
  ),
  'var' => 
  array (
  ),
)
[ info ] [ HEADER ] array (
  'host' => 'localhost',
  'connection' => 'keep-alive',
  'user-agent' => 'Mozilla/5.0 (Windows NT 6.1; Win64; x64) AppleWebKit/537.36 (KHTML, like Gecko) Chrome/58.0.3029.81 Safari/537.36',
  'accept' => 'image/webp,image/*,*/*;q=0.8',
  'referer' => 'http://localhost/bick/public/admin',
  'accept-encoding' => 'gzip, deflate, sdch, br',
  'accept-language' => 'zh-CN,zh;q=0.8',
  'cookie' => 'pgv_pvi=9664729088; UM_distinctid=15bd7967512117-0a12d63198eef4-541b371f-100200-15bd7967513695; FashionPlusUserIdentity=0; CNZZDATA1261810189=996268590-1493967762-%7C1493967762; PHPSESSID=l4vl2l0k5kuq5apunqb416elj1',
)
[ info ] [ PARAM ] array (
  '0_8738494160498098' => '',
  'id' => NULL,
)
[ info ] [ RUN ] think\captcha\CaptchaController->index[ D:\wamp\www\bick\vendor\topthink\think-captcha\src\CaptchaController.php ]
[ info ] [ SESSION ] INIT array (
  'id' => '',
  'var_session_id' => '',
  'prefix' => 'think',
  'type' => '',
  'auto_start' => true,
)
[ info ] [ LOG ] INIT File

---------------------------------------------------------------
[ 2017-05-09T16:37:42+08:00 ] ::1 ::1 GET /bick/public/captcha.html?0.17278058046169886
[ log ] localhost/bick/public/captcha.html?0.17278058046169886 [运行时间：0.049003s][吞吐率：20.41req/s] [内存消耗：1,591.53kb] [文件加载：39]
[ info ] [ LANG ] D:\wamp\www\bick\thinkphp\lang\zh-cn.php
[ info ] [ ROUTE ] array (
  'type' => 'method',
  'method' => 
  array (
    0 => '\\think\\captcha\\CaptchaController',
    1 => 'index',
  ),
  'var' => 
  array (
  ),
)
[ info ] [ HEADER ] array (
  'host' => 'localhost',
  'connection' => 'keep-alive',
  'user-agent' => 'Mozilla/5.0 (Windows NT 6.1; Win64; x64) AppleWebKit/537.36 (KHTML, like Gecko) Chrome/58.0.3029.81 Safari/537.36',
  'accept' => 'image/webp,image/*,*/*;q=0.8',
  'referer' => 'http://localhost/bick/public/admin',
  'accept-encoding' => 'gzip, deflate, sdch, br',
  'accept-language' => 'zh-CN,zh;q=0.8',
  'cookie' => 'pgv_pvi=9664729088; UM_distinctid=15bd7967512117-0a12d63198eef4-541b371f-100200-15bd7967513695; FashionPlusUserIdentity=0; CNZZDATA1261810189=996268590-1493967762-%7C1493967762; PHPSESSID=l4vl2l0k5kuq5apunqb416elj1',
)
[ info ] [ PARAM ] array (
  '0_17278058046169886' => '',
  'id' => NULL,
)
[ info ] [ RUN ] think\captcha\CaptchaController->index[ D:\wamp\www\bick\vendor\topthink\think-captcha\src\CaptchaController.php ]
[ info ] [ SESSION ] INIT array (
  'id' => '',
  'var_session_id' => '',
  'prefix' => 'think',
  'type' => '',
  'auto_start' => true,
)
[ info ] [ LOG ] INIT File

---------------------------------------------------------------
[ 2017-05-09T16:37:43+08:00 ] ::1 ::1 GET /bick/public/captcha.html?0.046094207960334144
[ log ] localhost/bick/public/captcha.html?0.046094207960334144 [运行时间：0.057003s][吞吐率：17.54req/s] [内存消耗：1,591.53kb] [文件加载：39]
[ info ] [ LANG ] D:\wamp\www\bick\thinkphp\lang\zh-cn.php
[ info ] [ ROUTE ] array (
  'type' => 'method',
  'method' => 
  array (
    0 => '\\think\\captcha\\CaptchaController',
    1 => 'index',
  ),
  'var' => 
  array (
  ),
)
[ info ] [ HEADER ] array (
  'host' => 'localhost',
  'connection' => 'keep-alive',
  'user-agent' => 'Mozilla/5.0 (Windows NT 6.1; Win64; x64) AppleWebKit/537.36 (KHTML, like Gecko) Chrome/58.0.3029.81 Safari/537.36',
  'accept' => 'image/webp,image/*,*/*;q=0.8',
  'referer' => 'http://localhost/bick/public/admin',
  'accept-encoding' => 'gzip, deflate, sdch, br',
  'accept-language' => 'zh-CN,zh;q=0.8',
  'cookie' => 'pgv_pvi=9664729088; UM_distinctid=15bd7967512117-0a12d63198eef4-541b371f-100200-15bd7967513695; FashionPlusUserIdentity=0; CNZZDATA1261810189=996268590-1493967762-%7C1493967762; PHPSESSID=l4vl2l0k5kuq5apunqb416elj1',
)
[ info ] [ PARAM ] array (
  '0_046094207960334144' => '',
  'id' => NULL,
)
[ info ] [ RUN ] think\captcha\CaptchaController->index[ D:\wamp\www\bick\vendor\topthink\think-captcha\src\CaptchaController.php ]
[ info ] [ SESSION ] INIT array (
  'id' => '',
  'var_session_id' => '',
  'prefix' => 'think',
  'type' => '',
  'auto_start' => true,
)
[ info ] [ LOG ] INIT File

---------------------------------------------------------------
[ 2017-05-09T16:37:44+08:00 ] ::1 ::1 GET /bick/public/captcha.html?0.21010501801678694
[ log ] localhost/bick/public/captcha.html?0.21010501801678694 [运行时间：0.069004s][吞吐率：14.49req/s] [内存消耗：1,591.53kb] [文件加载：39]
[ info ] [ LANG ] D:\wamp\www\bick\thinkphp\lang\zh-cn.php
[ info ] [ ROUTE ] array (
  'type' => 'method',
  'method' => 
  array (
    0 => '\\think\\captcha\\CaptchaController',
    1 => 'index',
  ),
  'var' => 
  array (
  ),
)
[ info ] [ HEADER ] array (
  'host' => 'localhost',
  'connection' => 'keep-alive',
  'user-agent' => 'Mozilla/5.0 (Windows NT 6.1; Win64; x64) AppleWebKit/537.36 (KHTML, like Gecko) Chrome/58.0.3029.81 Safari/537.36',
  'accept' => 'image/webp,image/*,*/*;q=0.8',
  'referer' => 'http://localhost/bick/public/admin',
  'accept-encoding' => 'gzip, deflate, sdch, br',
  'accept-language' => 'zh-CN,zh;q=0.8',
  'cookie' => 'pgv_pvi=9664729088; UM_distinctid=15bd7967512117-0a12d63198eef4-541b371f-100200-15bd7967513695; FashionPlusUserIdentity=0; CNZZDATA1261810189=996268590-1493967762-%7C1493967762; PHPSESSID=l4vl2l0k5kuq5apunqb416elj1',
)
[ info ] [ PARAM ] array (
  '0_21010501801678694' => '',
  'id' => NULL,
)
[ info ] [ RUN ] think\captcha\CaptchaController->index[ D:\wamp\www\bick\vendor\topthink\think-captcha\src\CaptchaController.php ]
[ info ] [ SESSION ] INIT array (
  'id' => '',
  'var_session_id' => '',
  'prefix' => 'think',
  'type' => '',
  'auto_start' => true,
)
[ info ] [ LOG ] INIT File

---------------------------------------------------------------
[ 2017-05-09T16:37:48+08:00 ] ::1 ::1 POST /bick/public/admin
[ log ] localhost/bick/public/admin [运行时间：0.099006s][吞吐率：10.10req/s] [内存消耗：3,127.29kb] [文件加载：59]
[ info ] [ LANG ] D:\wamp\www\bick\thinkphp\lang\zh-cn.php
[ info ] [ ROUTE ] array (
  'type' => 'module',
  'module' => 
  array (
    0 => 'admin',
    1 => NULL,
    2 => NULL,
  ),
)
[ info ] [ HEADER ] array (
  'host' => 'localhost',
  'connection' => 'keep-alive',
  'content-length' => '39',
  'cache-control' => 'max-age=0',
  'origin' => 'http://localhost',
  'upgrade-insecure-requests' => '1',
  'user-agent' => 'Mozilla/5.0 (Windows NT 6.1; Win64; x64) AppleWebKit/537.36 (KHTML, like Gecko) Chrome/58.0.3029.81 Safari/537.36',
  'content-type' => 'application/x-www-form-urlencoded',
  'accept' => 'text/html,application/xhtml+xml,application/xml;q=0.9,image/webp,*/*;q=0.8',
  'referer' => 'http://localhost/bick/public/admin',
  'accept-encoding' => 'gzip, deflate, br',
  'accept-language' => 'zh-CN,zh;q=0.8',
  'cookie' => 'pgv_pvi=9664729088; UM_distinctid=15bd7967512117-0a12d63198eef4-541b371f-100200-15bd7967513695; FashionPlusUserIdentity=0; CNZZDATA1261810189=996268590-1493967762-%7C1493967762; PHPSESSID=l4vl2l0k5kuq5apunqb416elj1',
)
[ info ] [ PARAM ] array (
  'name' => 'xuechao',
  'password' => '1995712',
  'code' => '8461',
)
[ info ] [ RUN ] app\admin\controller\Login->index[ D:\wamp\www\bick\application\admin\controller\Login.php ]
[ info ] [ SESSION ] INIT array (
  'id' => '',
  'var_session_id' => '',
  'prefix' => 'think',
  'type' => '',
  'auto_start' => true,
)
[ info ] [ DB ] INIT mysql
[ info ] [ VIEW ] D:\wamp\www\bick\thinkphp\tpl\dispatch_jump.tpl [ array (
  0 => 'code',
  1 => 'msg',
  2 => 'data',
  3 => 'url',
  4 => 'wait',
) ]
[ info ] [ LOG ] INIT File
[ sql ] [ DB ] CONNECT:[ UseTime:0.001000s ] mysql:dbname=bick;host=localhost;port=3306;charset=utf8
[ sql ] [ SQL ] SHOW COLUMNS FROM `bk_admin` [ RunTime:0.021001s ]
[ sql ] [ SQL ] SELECT * FROM `bk_admin` WHERE  `name` = 'xuechao' LIMIT 1 [ RunTime:0.001000s ]

---------------------------------------------------------------
[ 2017-05-09T16:37:51+08:00 ] ::1 ::1 GET /bick/public/admin/index/index.html
[ log ] localhost/bick/public/admin/index/index.html [运行时间：0.071004s][吞吐率：14.08req/s] [内存消耗：1,964.73kb] [文件加载：50]
[ info ] [ LANG ] D:\wamp\www\bick\thinkphp\lang\zh-cn.php
[ info ] [ ROUTE ] array (
  'type' => 'module',
  'module' => 
  array (
    0 => 'admin',
    1 => 'index',
    2 => 'index',
  ),
)
[ info ] [ HEADER ] array (
  'host' => 'localhost',
  'connection' => 'keep-alive',
  'upgrade-insecure-requests' => '1',
  'user-agent' => 'Mozilla/5.0 (Windows NT 6.1; Win64; x64) AppleWebKit/537.36 (KHTML, like Gecko) Chrome/58.0.3029.81 Safari/537.36',
  'accept' => 'text/html,application/xhtml+xml,application/xml;q=0.9,image/webp,*/*;q=0.8',
  'referer' => 'http://localhost/bick/public/admin',
  'accept-encoding' => 'gzip, deflate, sdch, br',
  'accept-language' => 'zh-CN,zh;q=0.8',
  'cookie' => 'pgv_pvi=9664729088; UM_distinctid=15bd7967512117-0a12d63198eef4-541b371f-100200-15bd7967513695; FashionPlusUserIdentity=0; CNZZDATA1261810189=996268590-1493967762-%7C1493967762; PHPSESSID=l4vl2l0k5kuq5apunqb416elj1',
)
[ info ] [ PARAM ] array (
)
[ info ] [ SESSION ] INIT array (
  'id' => '',
  'var_session_id' => '',
  'prefix' => 'think',
  'type' => '',
  'auto_start' => true,
)
[ info ] [ RUN ] app\admin\controller\Index->index[ D:\wamp\www\bick\application\admin\controller\Index.php ]
[ info ] [ VIEW ] D:\wamp\www\bick\public/../application/admin\view\index\index.html [ array (
) ]
[ info ] [ LOG ] INIT File

---------------------------------------------------------------
[ 2017-05-09T16:37:52+08:00 ] ::1 ::1 GET /bick/public/static/admin/fonts/fontawesome-webfont.woff2?v=4.3.0
[ log ] localhost/bick/public/static/admin/fonts/fontawesome-webfont.woff2?v=4.3.0 [运行时间：0.046003s][吞吐率：21.74req/s] [内存消耗：1,566.23kb] [文件加载：40]
[ info ] [ LANG ] D:\wamp\www\bick\thinkphp\lang\zh-cn.php
[ info ] [ ROUTE ] array (
  'type' => 'module',
  'module' => 
  array (
    0 => 'static',
    1 => 'admin',
    2 => 'fonts',
  ),
)
[ info ] [ HEADER ] array (
  'host' => 'localhost',
  'connection' => 'keep-alive',
  'user-agent' => 'Mozilla/5.0 (Windows NT 6.1; Win64; x64) AppleWebKit/537.36 (KHTML, like Gecko) Chrome/58.0.3029.81 Safari/537.36',
  'origin' => 'http://localhost',
  'accept' => '*/*',
  'referer' => 'http://localhost/bick/public/static/admin/style/font-awesome.css',
  'accept-encoding' => 'gzip, deflate, sdch, br',
  'accept-language' => 'zh-CN,zh;q=0.8',
  'cookie' => 'pgv_pvi=9664729088; UM_distinctid=15bd7967512117-0a12d63198eef4-541b371f-100200-15bd7967513695; FashionPlusUserIdentity=0; CNZZDATA1261810189=996268590-1493967762-%7C1493967762; PHPSESSID=l4vl2l0k5kuq5apunqb416elj1',
)
[ info ] [ PARAM ] array (
  'v' => '4.3.0',
)
[ info ] [ LOG ] INIT File

---------------------------------------------------------------
[ 2017-05-09T16:37:54+08:00 ] ::1 ::1 GET /bick/public/admin/cate/cate_list.html
[ log ] localhost/bick/public/admin/cate/cate_list.html [运行时间：0.209012s][吞吐率：4.78req/s] [内存消耗：3,225.70kb] [文件加载：60]
[ info ] [ LANG ] D:\wamp\www\bick\thinkphp\lang\zh-cn.php
[ info ] [ ROUTE ] array (
  'type' => 'module',
  'module' => 
  array (
    0 => 'admin',
    1 => 'cate',
    2 => 'cate_list',
  ),
)
[ info ] [ HEADER ] array (
  'host' => 'localhost',
  'connection' => 'keep-alive',
  'upgrade-insecure-requests' => '1',
  'user-agent' => 'Mozilla/5.0 (Windows NT 6.1; Win64; x64) AppleWebKit/537.36 (KHTML, like Gecko) Chrome/58.0.3029.81 Safari/537.36',
  'accept' => 'text/html,application/xhtml+xml,application/xml;q=0.9,image/webp,*/*;q=0.8',
  'referer' => 'http://localhost/bick/public/admin/index/index.html',
  'accept-encoding' => 'gzip, deflate, sdch, br',
  'accept-language' => 'zh-CN,zh;q=0.8',
  'cookie' => 'pgv_pvi=9664729088; UM_distinctid=15bd7967512117-0a12d63198eef4-541b371f-100200-15bd7967513695; FashionPlusUserIdentity=0; CNZZDATA1261810189=996268590-1493967762-%7C1493967762; PHPSESSID=l4vl2l0k5kuq5apunqb416elj1',
)
[ info ] [ PARAM ] array (
)
[ info ] [ SESSION ] INIT array (
  'id' => '',
  'var_session_id' => '',
  'prefix' => 'think',
  'type' => '',
  'auto_start' => true,
)
[ info ] [ DB ] INIT mysql
[ info ] [ RUN ] app\admin\controller\Cate->cate_list[ D:\wamp\www\bick\application\admin\controller\Cate.php ]
[ info ] [ VIEW ] D:\wamp\www\bick\public/../application/admin\view\cate\cate_list.html [ array (
  0 => 'cateres',
) ]
[ info ] [ LOG ] INIT File
[ sql ] [ DB ] CONNECT:[ UseTime:0.003000s ] mysql:dbname=bick;host=localhost;port=3306;charset=utf8
[ sql ] [ SQL ] SHOW COLUMNS FROM `bk_auth_group_access` [ RunTime:0.017001s ]
[ sql ] [ SQL ] SELECT `auth_group_access`.`uid`,`auth_group_access`.`group_id`,`auth_group`.`title`,`auth_group`.`rules` FROM `bk_auth_group_access` `auth_group_access` INNER JOIN `bk_auth_group` `auth_group` ON `auth_group_access`.`group_id`=`auth_group`.`id` WHERE  `status` = 1  AND `auth_group_access`.`uid` = 1 [ RunTime:0.008001s ]
[ sql ] [ SQL ] SHOW COLUMNS FROM `bk_auth_rule` [ RunTime:0.018001s ]
[ sql ] [ SQL ] SELECT `condition`,`name` FROM `bk_auth_rule` WHERE  `id` IN (1,4,3,2,5,6,7,8,9,10,11,12,13,15,16,14,17,18,19,20,21,22,23,24,25,26,29,27,28)  AND `type` = 1  AND `status` = 1 [ RunTime:0.002000s ]
[ sql ] [ SQL ] SHOW COLUMNS FROM `bk_cate` [ RunTime:0.016001s ]
[ sql ] [ SQL ] SELECT * FROM `bk_cate` ORDER BY `sort` [ RunTime:0.001000s ]

---------------------------------------------------------------
[ 2017-05-09T16:37:54+08:00 ] ::1 ::1 GET /bick/public/static/admin/fonts/fontawesome-webfont.woff2?v=4.3.0
[ log ] localhost/bick/public/static/admin/fonts/fontawesome-webfont.woff2?v=4.3.0 [运行时间：0.048002s][吞吐率：20.83req/s] [内存消耗：1,566.23kb] [文件加载：40]
[ info ] [ LANG ] D:\wamp\www\bick\thinkphp\lang\zh-cn.php
[ info ] [ ROUTE ] array (
  'type' => 'module',
  'module' => 
  array (
    0 => 'static',
    1 => 'admin',
    2 => 'fonts',
  ),
)
[ info ] [ HEADER ] array (
  'host' => 'localhost',
  'connection' => 'keep-alive',
  'user-agent' => 'Mozilla/5.0 (Windows NT 6.1; Win64; x64) AppleWebKit/537.36 (KHTML, like Gecko) Chrome/58.0.3029.81 Safari/537.36',
  'origin' => 'http://localhost',
  'accept' => '*/*',
  'referer' => 'http://localhost/bick/public/static/admin/style/font-awesome.css',
  'accept-encoding' => 'gzip, deflate, sdch, br',
  'accept-language' => 'zh-CN,zh;q=0.8',
  'cookie' => 'pgv_pvi=9664729088; UM_distinctid=15bd7967512117-0a12d63198eef4-541b371f-100200-15bd7967513695; FashionPlusUserIdentity=0; CNZZDATA1261810189=996268590-1493967762-%7C1493967762; PHPSESSID=l4vl2l0k5kuq5apunqb416elj1',
)
[ info ] [ PARAM ] array (
  'v' => '4.3.0',
)
[ info ] [ LOG ] INIT File

---------------------------------------------------------------
