[ 2017-05-25T17:54:28+08:00 ] ::1 ::1 GET /bick/public/admin
[ log ] localhost/bick/public/admin [运行时间：0.079004s][吞吐率：12.66req/s] [内存消耗：1,924.12kb] [文件加载：48]
[ info ] [ LANG ] D:\wamp\www\bick\thinkphp\lang\zh-cn.php
[ info ] [ ROUTE ] array (
  'type' => 'module',
  'module' => 
  array (
    0 => 'admin',
    1 => NULL,
    2 => NULL,
  ),
)
[ info ] [ HEADER ] array (
  'host' => 'localhost',
  'connection' => 'keep-alive',
  'upgrade-insecure-requests' => '1',
  'user-agent' => 'Mozilla/5.0 (Windows NT 6.1; Win64; x64) AppleWebKit/537.36 (KHTML, like Gecko) Chrome/58.0.3029.81 Safari/537.36',
  'accept' => 'text/html,application/xhtml+xml,application/xml;q=0.9,image/webp,*/*;q=0.8',
  'accept-encoding' => 'gzip, deflate, sdch, br',
  'accept-language' => 'zh-CN,zh;q=0.8',
  'cookie' => 'UM_distinctid=15c38519fda74f-019131714143f5-541b371f-100200-15c38519fdba7e; FashionPlusUserIdentity=0; PHPSESSID=girhoc4on1i7ntnpd51jno8so6; B_cer_href=null; FashionPlusIsLogin=true; FashionPlusUserId=13540087667; FPCityAgent=true; FashionPlusMysqlAgentId13540087667=1; FashionPlusMysqlUserId13540087667=1; CNZZDATA1261810189=697026429-1495588879-http%253A%252F%252Flocalhost%252F%7C1495693178',
)
[ info ] [ PARAM ] array (
)
[ info ] [ RUN ] app\admin\controller\Login->index[ D:\wamp\www\bick\application\admin\controller\Login.php ]
[ info ] [ VIEW ] D:\wamp\www\bick\public/../application/admin\view\login\login.html [ array (
) ]
[ info ] [ LOG ] INIT File

---------------------------------------------------------------
[ 2017-05-25T17:54:28+08:00 ] ::1 ::1 GET /bick/public/captcha.html
[ log ] localhost/bick/public/captcha.html [运行时间：0.082005s][吞吐率：12.19req/s] [内存消耗：1,591.72kb] [文件加载：39]
[ info ] [ LANG ] D:\wamp\www\bick\thinkphp\lang\zh-cn.php
[ info ] [ ROUTE ] array (
  'type' => 'method',
  'method' => 
  array (
    0 => '\\think\\captcha\\CaptchaController',
    1 => 'index',
  ),
  'var' => 
  array (
  ),
)
[ info ] [ HEADER ] array (
  'host' => 'localhost',
  'connection' => 'keep-alive',
  'user-agent' => 'Mozilla/5.0 (Windows NT 6.1; Win64; x64) AppleWebKit/537.36 (KHTML, like Gecko) Chrome/58.0.3029.81 Safari/537.36',
  'accept' => 'image/webp,image/*,*/*;q=0.8',
  'referer' => 'http://localhost/bick/public/admin',
  'accept-encoding' => 'gzip, deflate, sdch, br',
  'accept-language' => 'zh-CN,zh;q=0.8',
  'cookie' => 'UM_distinctid=15c38519fda74f-019131714143f5-541b371f-100200-15c38519fdba7e; FashionPlusUserIdentity=0; PHPSESSID=girhoc4on1i7ntnpd51jno8so6; B_cer_href=null; FashionPlusIsLogin=true; FashionPlusUserId=13540087667; FPCityAgent=true; FashionPlusMysqlAgentId13540087667=1; FashionPlusMysqlUserId13540087667=1; CNZZDATA1261810189=697026429-1495588879-http%253A%252F%252Flocalhost%252F%7C1495693178',
)
[ info ] [ PARAM ] array (
  'id' => NULL,
)
[ info ] [ RUN ] think\captcha\CaptchaController->index[ D:\wamp\www\bick\vendor\topthink\think-captcha\src\CaptchaController.php ]
[ info ] [ SESSION ] INIT array (
  'id' => '',
  'var_session_id' => '',
  'prefix' => 'think',
  'type' => '',
  'auto_start' => true,
)
[ info ] [ LOG ] INIT File

---------------------------------------------------------------
[ 2017-05-25T17:54:30+08:00 ] ::1 ::1 GET /bick/public/
[ log ] localhost/bick/public/ [运行时间：0.177010s][吞吐率：5.65req/s] [内存消耗：2,875.03kb] [文件加载：56]
[ info ] [ LANG ] D:\wamp\www\bick\thinkphp\lang\zh-cn.php
[ info ] [ ROUTE ] array (
  'type' => 'module',
  'module' => 
  array (
    0 => '',
    1 => NULL,
    2 => NULL,
  ),
)
[ info ] [ HEADER ] array (
  'host' => 'localhost',
  'connection' => 'keep-alive',
  'upgrade-insecure-requests' => '1',
  'user-agent' => 'Mozilla/5.0 (Windows NT 6.1; Win64; x64) AppleWebKit/537.36 (KHTML, like Gecko) Chrome/58.0.3029.81 Safari/537.36',
  'accept' => 'text/html,application/xhtml+xml,application/xml;q=0.9,image/webp,*/*;q=0.8',
  'accept-encoding' => 'gzip, deflate, sdch, br',
  'accept-language' => 'zh-CN,zh;q=0.8',
  'cookie' => 'UM_distinctid=15c38519fda74f-019131714143f5-541b371f-100200-15c38519fdba7e; FashionPlusUserIdentity=0; PHPSESSID=girhoc4on1i7ntnpd51jno8so6; B_cer_href=null; FashionPlusIsLogin=true; FashionPlusUserId=13540087667; FPCityAgent=true; FashionPlusMysqlAgentId13540087667=1; FashionPlusMysqlUserId13540087667=1; CNZZDATA1261810189=697026429-1495588879-http%253A%252F%252Flocalhost%252F%7C1495693178',
)
[ info ] [ PARAM ] array (
)
[ info ] [ DB ] INIT mysql
[ info ] [ RUN ] app\index\controller\Index->index[ D:\wamp\www\bick\application\index\controller\Index.php ]
[ info ] [ VIEW ] D:\wamp\www\bick\public/../application/index\view\index\index.html [ array (
  0 => 'confs',
  1 => 'cates',
  2 => 'res_bottom_cates',
  3 => 'index_arts',
  4 => 'hot_arts',
  5 => 'links',
  6 => 'rec_arts',
  7 => 'res_index_cates',
) ]
[ info ] [ LOG ] INIT File
[ sql ] [ DB ] CONNECT:[ UseTime:0.012000s ] mysql:dbname=bick;host=localhost;port=3306;charset=utf8
[ sql ] [ SQL ] SHOW COLUMNS FROM `bk_conf` [ RunTime:0.011000s ]
[ sql ] [ SQL ] SELECT `enname`,`cnname` FROM `bk_conf` [ RunTime:0.000000s ]
[ sql ] [ SQL ] SHOW COLUMNS FROM `bk_cate` [ RunTime:0.011001s ]
[ sql ] [ SQL ] SELECT * FROM `bk_cate` WHERE  `pid` = 0 [ RunTime:0.001000s ]
[ sql ] [ SQL ] SELECT * FROM `bk_cate` WHERE  `pid` = 9 [ RunTime:0.000000s ]
[ sql ] [ SQL ] SELECT * FROM `bk_cate` WHERE  `pid` = 17 [ RunTime:0.000000s ]
[ sql ] [ SQL ] SELECT * FROM `bk_cate` WHERE  `pid` = 20 [ RunTime:0.001000s ]
[ sql ] [ SQL ] SELECT * FROM `bk_cate` WHERE  `pid` = 21 [ RunTime:0.000000s ]
[ sql ] [ SQL ] SELECT * FROM `bk_cate` WHERE  `pid` = 22 [ RunTime:0.000000s ]
[ sql ] [ SQL ] SELECT `id`,`type`,`catename` FROM `bk_cate` WHERE  `rec_bottom` = 1 ORDER BY `id` [ RunTime:0.000000s ]
[ sql ] [ SQL ] SHOW COLUMNS FROM `bk_article` [ RunTime:0.010000s ]
[ sql ] [ SQL ] SELECT `a`.*,`c`.`catename` FROM `bk_article` `a` INNER JOIN `bk_cate` `c` ON `a`.`cateid`=`c`.`id` ORDER BY id desc LIMIT 10 [ RunTime:0.002000s ]
[ sql ] [ SQL ] SELECT `id`,`thumb`,`title` FROM `bk_article` ORDER BY click desc LIMIT 5 [ RunTime:0.000000s ]
[ sql ] [ SQL ] SHOW COLUMNS FROM `bk_link` [ RunTime:0.010001s ]
[ sql ] [ SQL ] SELECT * FROM `bk_link` ORDER BY `sort` [ RunTime:0.001000s ]
[ sql ] [ SQL ] SELECT `id`,`title`,`thumb` FROM `bk_article` WHERE  `rec` = 1 ORDER BY id desc LIMIT 4 [ RunTime:0.001000s ]
[ sql ] [ SQL ] SELECT `id`,`type`,`catename` FROM `bk_cate` WHERE  `rec_index` = 1 ORDER BY `id` [ RunTime:0.000000s ]

---------------------------------------------------------------
[ 2017-05-25T17:54:30+08:00 ] ::1 ::1 GET /bick/public/static/index/style/jquery.form.js
[ log ] localhost/bick/public/static/index/style/jquery.form.js [运行时间：0.068004s][吞吐率：14.71req/s] [内存消耗：1,566.08kb] [文件加载：40]
[ info ] [ LANG ] D:\wamp\www\bick\thinkphp\lang\zh-cn.php
[ info ] [ ROUTE ] array (
  'type' => 'module',
  'module' => 
  array (
    0 => 'static',
    1 => 'index',
    2 => 'style',
  ),
)
[ info ] [ HEADER ] array (
  'host' => 'localhost',
  'connection' => 'keep-alive',
  'user-agent' => 'Mozilla/5.0 (Windows NT 6.1; Win64; x64) AppleWebKit/537.36 (KHTML, like Gecko) Chrome/58.0.3029.81 Safari/537.36',
  'accept' => '*/*',
  'referer' => 'http://localhost/bick/public/',
  'accept-encoding' => 'gzip, deflate, sdch, br',
  'accept-language' => 'zh-CN,zh;q=0.8',
  'cookie' => 'UM_distinctid=15c38519fda74f-019131714143f5-541b371f-100200-15c38519fdba7e; FashionPlusUserIdentity=0; PHPSESSID=girhoc4on1i7ntnpd51jno8so6; B_cer_href=null; FashionPlusIsLogin=true; FashionPlusUserId=13540087667; FPCityAgent=true; FashionPlusMysqlAgentId13540087667=1; FashionPlusMysqlUserId13540087667=1; CNZZDATA1261810189=697026429-1495588879-http%253A%252F%252Flocalhost%252F%7C1495693178',
)
[ info ] [ PARAM ] array (
)
[ info ] [ LOG ] INIT File

---------------------------------------------------------------
[ 2017-05-25T17:54:30+08:00 ] ::1 ::1 GET /bick/public/static/index/style/jquery.error.js
[ log ] localhost/bick/public/static/index/style/jquery.error.js [运行时间：0.066003s][吞吐率：15.15req/s] [内存消耗：1,566.09kb] [文件加载：40]
[ info ] [ LANG ] D:\wamp\www\bick\thinkphp\lang\zh-cn.php
[ info ] [ ROUTE ] array (
  'type' => 'module',
  'module' => 
  array (
    0 => 'static',
    1 => 'index',
    2 => 'style',
  ),
)
[ info ] [ HEADER ] array (
  'host' => 'localhost',
  'connection' => 'keep-alive',
  'user-agent' => 'Mozilla/5.0 (Windows NT 6.1; Win64; x64) AppleWebKit/537.36 (KHTML, like Gecko) Chrome/58.0.3029.81 Safari/537.36',
  'accept' => '*/*',
  'referer' => 'http://localhost/bick/public/',
  'accept-encoding' => 'gzip, deflate, sdch, br',
  'accept-language' => 'zh-CN,zh;q=0.8',
  'cookie' => 'UM_distinctid=15c38519fda74f-019131714143f5-541b371f-100200-15c38519fdba7e; FashionPlusUserIdentity=0; PHPSESSID=girhoc4on1i7ntnpd51jno8so6; B_cer_href=null; FashionPlusIsLogin=true; FashionPlusUserId=13540087667; FPCityAgent=true; FashionPlusMysqlAgentId13540087667=1; FashionPlusMysqlUserId13540087667=1; CNZZDATA1261810189=697026429-1495588879-http%253A%252F%252Flocalhost%252F%7C1495693178',
)
[ info ] [ PARAM ] array (
)
[ info ] [ LOG ] INIT File

---------------------------------------------------------------
[ 2017-05-25T17:54:30+08:00 ] ::1 ::1 GET /bick/public/static/index/style/jquery.form.js
[ log ] localhost/bick/public/static/index/style/jquery.form.js [运行时间：0.047002s][吞吐率：21.28req/s] [内存消耗：1,566.08kb] [文件加载：40]
[ info ] [ LANG ] D:\wamp\www\bick\thinkphp\lang\zh-cn.php
[ info ] [ ROUTE ] array (
  'type' => 'module',
  'module' => 
  array (
    0 => 'static',
    1 => 'index',
    2 => 'style',
  ),
)
[ info ] [ HEADER ] array (
  'host' => 'localhost',
  'connection' => 'keep-alive',
  'user-agent' => 'Mozilla/5.0 (Windows NT 6.1; Win64; x64) AppleWebKit/537.36 (KHTML, like Gecko) Chrome/58.0.3029.81 Safari/537.36',
  'accept' => '*/*',
  'referer' => 'http://localhost/bick/public/',
  'accept-encoding' => 'gzip, deflate, sdch, br',
  'accept-language' => 'zh-CN,zh;q=0.8',
  'cookie' => 'UM_distinctid=15c38519fda74f-019131714143f5-541b371f-100200-15c38519fdba7e; FashionPlusUserIdentity=0; PHPSESSID=girhoc4on1i7ntnpd51jno8so6; B_cer_href=null; FashionPlusIsLogin=true; FashionPlusUserId=13540087667; FPCityAgent=true; FashionPlusMysqlAgentId13540087667=1; FashionPlusMysqlUserId13540087667=1; CNZZDATA1261810189=697026429-1495588879-http%253A%252F%252Flocalhost%252F%7C1495693178',
)
[ info ] [ PARAM ] array (
)
[ info ] [ LOG ] INIT File

---------------------------------------------------------------
[ 2017-05-25T17:54:31+08:00 ] ::1 ::1 GET /bick/public/static/index/images/loading.gif
[ log ] localhost/bick/public/static/index/images/loading.gif [运行时间：0.068004s][吞吐率：14.71req/s] [内存消耗：1,566.22kb] [文件加载：40]
[ info ] [ LANG ] D:\wamp\www\bick\thinkphp\lang\zh-cn.php
[ info ] [ ROUTE ] array (
  'type' => 'module',
  'module' => 
  array (
    0 => 'static',
    1 => 'index',
    2 => 'images',
  ),
)
[ info ] [ HEADER ] array (
  'host' => 'localhost',
  'connection' => 'keep-alive',
  'user-agent' => 'Mozilla/5.0 (Windows NT 6.1; Win64; x64) AppleWebKit/537.36 (KHTML, like Gecko) Chrome/58.0.3029.81 Safari/537.36',
  'accept' => 'image/webp,image/*,*/*;q=0.8',
  'referer' => 'http://localhost/bick/public/static/index/style/style.css',
  'accept-encoding' => 'gzip, deflate, sdch, br',
  'accept-language' => 'zh-CN,zh;q=0.8',
  'cookie' => 'UM_distinctid=15c38519fda74f-019131714143f5-541b371f-100200-15c38519fdba7e; FashionPlusUserIdentity=0; PHPSESSID=girhoc4on1i7ntnpd51jno8so6; B_cer_href=null; FashionPlusIsLogin=true; FashionPlusUserId=13540087667; FPCityAgent=true; FashionPlusMysqlAgentId13540087667=1; FashionPlusMysqlUserId13540087667=1; CNZZDATA1261810189=697026429-1495588879-http%253A%252F%252Flocalhost%252F%7C1495693178',
)
[ info ] [ PARAM ] array (
)
[ info ] [ LOG ] INIT File

---------------------------------------------------------------
[ 2017-05-25T17:54:31+08:00 ] ::1 ::1 GET /bick/public/static/index/images/focus-bg2.png
[ log ] localhost/bick/public/static/index/images/focus-bg2.png [运行时间：0.058004s][吞吐率：17.24req/s] [内存消耗：1,566.22kb] [文件加载：40]
[ info ] [ LANG ] D:\wamp\www\bick\thinkphp\lang\zh-cn.php
[ info ] [ ROUTE ] array (
  'type' => 'module',
  'module' => 
  array (
    0 => 'static',
    1 => 'index',
    2 => 'images',
  ),
)
[ info ] [ HEADER ] array (
  'host' => 'localhost',
  'connection' => 'keep-alive',
  'user-agent' => 'Mozilla/5.0 (Windows NT 6.1; Win64; x64) AppleWebKit/537.36 (KHTML, like Gecko) Chrome/58.0.3029.81 Safari/537.36',
  'accept' => 'image/webp,image/*,*/*;q=0.8',
  'referer' => 'http://localhost/bick/public/static/index/style/style.css',
  'accept-encoding' => 'gzip, deflate, sdch, br',
  'accept-language' => 'zh-CN,zh;q=0.8',
  'cookie' => 'UM_distinctid=15c38519fda74f-019131714143f5-541b371f-100200-15c38519fdba7e; FashionPlusUserIdentity=0; PHPSESSID=girhoc4on1i7ntnpd51jno8so6; B_cer_href=null; FashionPlusIsLogin=true; FashionPlusUserId=13540087667; FPCityAgent=true; FashionPlusMysqlAgentId13540087667=1; FashionPlusMysqlUserId13540087667=1; CNZZDATA1261810189=697026429-1495588879-http%253A%252F%252Flocalhost%252F%7C1495693178',
)
[ info ] [ PARAM ] array (
)
[ info ] [ LOG ] INIT File

---------------------------------------------------------------
[ 2017-05-25T17:54:31+08:00 ] ::1 ::1 GET /bick/public/static/index/images/sitemap-dot.gif
[ log ] localhost/bick/public/static/index/images/sitemap-dot.gif [运行时间：0.055003s][吞吐率：18.18req/s] [内存消耗：1,566.22kb] [文件加载：40]
[ info ] [ LANG ] D:\wamp\www\bick\thinkphp\lang\zh-cn.php
[ info ] [ ROUTE ] array (
  'type' => 'module',
  'module' => 
  array (
    0 => 'static',
    1 => 'index',
    2 => 'images',
  ),
)
[ info ] [ HEADER ] array (
  'host' => 'localhost',
  'connection' => 'keep-alive',
  'user-agent' => 'Mozilla/5.0 (Windows NT 6.1; Win64; x64) AppleWebKit/537.36 (KHTML, like Gecko) Chrome/58.0.3029.81 Safari/537.36',
  'accept' => 'image/webp,image/*,*/*;q=0.8',
  'referer' => 'http://localhost/bick/public/static/index/style/style.css',
  'accept-encoding' => 'gzip, deflate, sdch, br',
  'accept-language' => 'zh-CN,zh;q=0.8',
  'cookie' => 'UM_distinctid=15c38519fda74f-019131714143f5-541b371f-100200-15c38519fdba7e; FashionPlusUserIdentity=0; PHPSESSID=girhoc4on1i7ntnpd51jno8so6; B_cer_href=null; FashionPlusIsLogin=true; FashionPlusUserId=13540087667; FPCityAgent=true; FashionPlusMysqlAgentId13540087667=1; FashionPlusMysqlUserId13540087667=1; CNZZDATA1261810189=697026429-1495588879-http%253A%252F%252Flocalhost%252F%7C1495693178',
)
[ info ] [ PARAM ] array (
)
[ info ] [ LOG ] INIT File

---------------------------------------------------------------
[ 2017-05-25T17:54:31+08:00 ] ::1 ::1 GET /bick/public/static/index/images/scroll.png
[ log ] localhost/bick/public/static/index/images/scroll.png [运行时间：0.052003s][吞吐率：19.23req/s] [内存消耗：1,566.20kb] [文件加载：40]
[ info ] [ LANG ] D:\wamp\www\bick\thinkphp\lang\zh-cn.php
[ info ] [ ROUTE ] array (
  'type' => 'module',
  'module' => 
  array (
    0 => 'static',
    1 => 'index',
    2 => 'images',
  ),
)
[ info ] [ HEADER ] array (
  'host' => 'localhost',
  'connection' => 'keep-alive',
  'user-agent' => 'Mozilla/5.0 (Windows NT 6.1; Win64; x64) AppleWebKit/537.36 (KHTML, like Gecko) Chrome/58.0.3029.81 Safari/537.36',
  'accept' => 'image/webp,image/*,*/*;q=0.8',
  'referer' => 'http://localhost/bick/public/static/index/style/style.css',
  'accept-encoding' => 'gzip, deflate, sdch, br',
  'accept-language' => 'zh-CN,zh;q=0.8',
  'cookie' => 'UM_distinctid=15c38519fda74f-019131714143f5-541b371f-100200-15c38519fdba7e; FashionPlusUserIdentity=0; PHPSESSID=girhoc4on1i7ntnpd51jno8so6; B_cer_href=null; FashionPlusIsLogin=true; FashionPlusUserId=13540087667; FPCityAgent=true; FashionPlusMysqlAgentId13540087667=1; FashionPlusMysqlUserId13540087667=1; CNZZDATA1261810189=697026429-1495588879-http%253A%252F%252Flocalhost%252F%7C1495693178',
)
[ info ] [ PARAM ] array (
)
[ info ] [ LOG ] INIT File

---------------------------------------------------------------
